<?xml version="1.0" encoding="UTF-8"?>
<testng-results skipped="0" failed="0" ignored="0" total="1" passed="1">
  <reporter-output>
  </reporter-output>
  <suite name="Default suite" duration-ms="10005" started-at="2021-03-18T12:52:26 EDT" finished-at="2021-03-18T12:52:36 EDT">
    <groups>
    </groups>
    <test name="Default test" duration-ms="10005" started-at="2021-03-18T12:52:26 EDT" finished-at="2021-03-18T12:52:36 EDT">
      <class name="test.AddAccountTest">
        <test-method status="PASS" signature="usershouldabletoaddcustomer()[pri:0, instance:test.AddAccountTest@36ebc363]" name="usershouldabletoaddcustomer" duration-ms="9990" started-at="2021-03-18T12:52:26 EDT" finished-at="2021-03-18T12:52:36 EDT">
          <reporter-output>
          </reporter-output>
        </test-method> <!-- usershouldabletoaddcustomer -->
      </class> <!-- test.AddAccountTest -->
    </test> <!-- Default test -->
  </suite> <!-- Default suite -->
</testng-results>
